<?xml version="1.0" encoding="UTF-8"?>
<!-- Generated by org.testng.reporters.JUnitXMLReporter -->
<testsuite ignored="0" hostname="DESKTOP-MVIO5TL" failures="0" tests="4" name="Test" time="106.675" errors="0" timestamp="2023-09-15T22:09:06 IST">
  <testcase classname="TakeScreenShots.India" name="Scenario3" time="6.649"/>
  <testcase classname="TakeScreenShots.China" name="Scenario2" time="10.917"/>
  <testcase classname="TakeScreenShots.Japan" name="Scenario4" time="17.666"/>
  <testcase classname="TakeScreenShots.America" name="Scenario1" time="4.381"/>
</testsuite> <!-- Test -->
