<?xml version="1.0" encoding="UTF-8"?>
<!-- Generated by org.testng.reporters.JUnitXMLReporter -->
<testsuite ignored="4" hostname="DESKTOP-MVIO5TL" failures="0" tests="6" name="RegressionTest" time="0.523" errors="0" timestamp="2023-09-29T00:58:43 IST">
  <testcase classname="TestNGGrouping.Grouping_class" name="sceanrio10" time="0.057"/>
  <testcase classname="TestNGGrouping.Grouping_class" name="sceanrio4" time="0.01"/>
  <testcase classname="TestNGGrouping.Grouping_class" name="sceanrio5" time="0.013"/>
  <testcase classname="TestNGGrouping.Grouping_class" name="sceanrio6" time="0.017"/>
  <testcase classname="TestNGGrouping.Grouping_class" name="sceanrio8" time="0.01"/>
  <testcase classname="TestNGGrouping.Grouping_class" name="sceanrio9" time="0.005"/>
  <testcase classname="TestNGGrouping.Grouping_class" name="sceanrio7" time="0.0">
    <ignored/>
  </testcase> <!-- sceanrio7 -->
  <testcase classname="TestNGGrouping.Grouping_class" name="sceanrio3" time="0.0">
    <ignored/>
  </testcase> <!-- sceanrio3 -->
  <testcase classname="TestNGGrouping.Grouping_class" name="sceanrio2" time="0.0">
    <ignored/>
  </testcase> <!-- sceanrio2 -->
  <testcase classname="TestNGGrouping.Grouping_class" name="sceanrio1" time="0.0">
    <ignored/>
  </testcase> <!-- sceanrio1 -->
</testsuite> <!-- RegressionTest -->
