<?xml version="1.0" encoding="UTF-8"?>
<!-- Generated by org.testng.reporters.JUnitXMLReporter -->
<testsuite ignored="6" hostname="DESKTOP-MVIO5TL" failures="0" tests="4" name="Regression" time="0.048" errors="0" timestamp="2023-11-14T22:52:31 IST">
  <testcase classname="TestNGGrouping1.grouping_class" name="scenario4" time="0.006"/>
  <testcase classname="TestNGGrouping1.grouping_class" name="scenario5" time="0.002"/>
  <testcase classname="TestNGGrouping1.grouping_class" name="scenario6" time="0.0"/>
  <testcase classname="TestNGGrouping1.grouping_class" name="scenario8" time="0.001"/>
  <testcase classname="TestNGGrouping1.grouping_class" name="scenario3" time="0.0">
    <ignored/>
  </testcase> <!-- scenario3 -->
  <testcase classname="TestNGGrouping1.grouping_class" name="scenario2" time="0.0">
    <ignored/>
  </testcase> <!-- scenario2 -->
  <testcase classname="TestNGGrouping1.grouping_class" name="scenario1" time="0.0">
    <ignored/>
  </testcase> <!-- scenario1 -->
  <testcase classname="TestNGGrouping1.grouping_class" name="scenario7" time="0.0">
    <ignored/>
  </testcase> <!-- scenario7 -->
  <testcase classname="TestNGGrouping1.grouping_class" name="scenario9" time="0.0">
    <ignored/>
  </testcase> <!-- scenario9 -->
  <testcase classname="TestNGGrouping1.grouping_class" name="scenario10" time="0.0">
    <ignored/>
  </testcase> <!-- scenario10 -->
</testsuite> <!-- Regression -->
