<?xml version="1.0" encoding="UTF-8"?>
<!-- Generated by org.testng.reporters.JUnitXMLReporter -->
<testsuite ignored="0" hostname="DESKTOP-MVIO5TL" failures="0" tests="4" name="Test" time="66.028" errors="0" timestamp="2023-09-15T21:40:31 IST">
  <testcase classname="TakeScreenShots.India" name="Scenario3" time="5.897"/>
  <testcase classname="TakeScreenShots.China" name="Scenario2" time="2.106"/>
  <testcase classname="TakeScreenShots.Japan" name="Scenario4" time="13.916"/>
  <testcase classname="TakeScreenShots.America" name="Scenario1" time="0.528"/>
</testsuite> <!-- Test -->
