<?xml version="1.0" encoding="UTF-8"?>
<!-- Generated by org.testng.reporters.JUnitXMLReporter -->
<testsuite ignored="0" hostname="DESKTOP-MVIO5TL" failures="0" tests="5" name="Test" time="41.195" errors="0" timestamp="2023-10-14T21:17:45 IST">
  <testcase classname="Amazon_Test.TestCae1" name="login_amazonapplication" time="3.811"/>
  <testcase classname="Amazon_Test.TestCae2" name="login_amazonapplication" time="4.449"/>
  <testcase classname="Amazon_Test.TestCae3" name="login_amazonapplication" time="4.008"/>
  <testcase classname="Amazon_Test.TestCae4" name="login_amazonapplication" time="3.894"/>
  <testcase classname="Amazon_Test.TestCae5" name="login_amazonapplication" time="3.501"/>
</testsuite> <!-- Test -->
