<?xml version="1.0" encoding="UTF-8"?>
<!-- Generated by org.testng.reporters.JUnitXMLReporter -->
<testsuite ignored="0" hostname="DESKTOP-MVIO5TL" failures="0" tests="5" name="Test3" time="101.5" errors="0" timestamp="2023-09-16T16:29:33 IST">
  <testcase classname="TakeScreenshotgetclass.India" name="Scenario3" time="4.015"/>
  <testcase classname="TakeScreenshotgetclass.Korea" name="Scenario4" time="3.611"/>
  <testcase classname="TakeScreenshotgetclass.London" name="Scenario1" time="4.993"/>
  <testcase classname="TakeScreenshotgetclass.China" name="Scenario2" time="5.662"/>
  <testcase classname="TakeScreenshotgetclass.Japan" name="Scenario4" time="4.952"/>
</testsuite> <!-- Test3 -->
