<?xml version="1.0" encoding="UTF-8"?>
<testng-results ignored="0" total="1" passed="1" failed="0" skipped="0">
  <reporter-output>
  </reporter-output>
  <suite started-at="2023-11-20T23:41:18 IST" name="Default suite" finished-at="2023-11-20T23:41:24 IST" duration-ms="6788">
    <groups>
    </groups>
    <test started-at="2023-11-20T23:41:18 IST" name="Default test" finished-at="2023-11-20T23:41:24 IST" duration-ms="6788">
      <class name="Priintoptions.Amazondropdown1">
        <test-method signature="scenario1()[pri:0, instance:Priintoptions.Amazondropdown1@32502377]" started-at="2023-11-20T23:41:18 IST" name="scenario1" finished-at="2023-11-20T23:41:24 IST" duration-ms="6739" status="PASS">
          <reporter-output>
          </reporter-output>
        </test-method> <!-- scenario1 -->
      </class> <!-- Priintoptions.Amazondropdown1 -->
    </test> <!-- Default test -->
  </suite> <!-- Default suite -->
</testng-results>
