<?xml version="1.0" encoding="UTF-8"?>
<testng-results ignored="0" total="1" passed="1" failed="0" skipped="0">
  <reporter-output>
    <line>
      <![CDATA[First program]]>
    </line>
  </reporter-output>
  <suite started-at="2023-10-18T22:24:01 IST" name="Default suite" finished-at="2023-10-18T22:24:01 IST" duration-ms="48">
    <groups>
    </groups>
    <test started-at="2023-10-18T22:24:01 IST" name="Default test" finished-at="2023-10-18T22:24:01 IST" duration-ms="48">
      <class name="Selenium.FirstTestNG">
        <test-method signature="scenario1()[pri:0, instance:Selenium.FirstTestNG@ffaa6af]" started-at="2023-10-18T22:24:01 IST" name="scenario1" finished-at="2023-10-18T22:24:01 IST" duration-ms="8" status="PASS">
          <reporter-output>
            <line>
              <![CDATA[First program]]>
            </line>
          </reporter-output>
        </test-method> <!-- scenario1 -->
      </class> <!-- Selenium.FirstTestNG -->
    </test> <!-- Default test -->
  </suite> <!-- Default suite -->
</testng-results>
